# JRE version: Java(TM) SE Runtime Environment (8.0_121-b13) (build 1.8.0_121-b13)
# Java VM: Java HotSpot(TM) 64-Bit Server VM (25.121-b13 mixed mode windows-amd64 compressed oops)
Heap:
 PSYoungGen      total 217600K, used 12880K [0x00000000d5f80000, 0x00000000e4480000, 0x0000000100000000)
  eden space 202240K, 0% used [0x00000000d5f80000,0x00000000d5f80000,0x00000000e2500000)
  from space 15360K, 83% used [0x00000000e3480000,0x00000000e41143b8,0x00000000e4380000)
  to   space 15872K, 0% used [0x00000000e2500000,0x00000000e2500000,0x00000000e3480000)
 ParOldGen       total 75776K, used 21965K [0x0000000081e00000, 0x0000000086800000, 0x00000000d5f80000)
  object space 75776K, 28% used [0x0000000081e00000,0x00000000833735e8,0x0000000086800000)
 Metaspace       used 27024K, capacity 27842K, committed 28160K, reserved 1073152K
  class space    used 3280K, capacity 3516K, committed 3584K, reserved 1048576K
GC Heap History (10 events):
Event: 1.722 GC heap after
Heap after GC invocations=5 (full 0):
 PSYoungGen      total 71680K, used 5097K [0x00000000d5f80000, 0x00000000dfa80000, 0x0000000100000000)
  eden space 66560K, 0% used [0x00000000d5f80000,0x00000000d5f80000,0x00000000da080000)
  from space 5120K, 99% used [0x00000000da080000,0x00000000da57a630,0x00000000da580000)
  to   space 12800K, 0% used [0x00000000dee00000,0x00000000dee00000,0x00000000dfa80000)
 ParOldGen       total 87552K, used 17675K [0x0000000081e00000, 0x0000000087380000, 0x00000000d5f80000)
  object space 87552K, 20% used [0x0000000081e00000,0x0000000082f42de0,0x0000000087380000)
 Metaspace       used 16245K, capacity 16700K, committed 17024K, reserved 1064960K
  class space    used 1950K, capacity 2088K, committed 2176K, reserved 1048576K
}
Event: 2.178 GC heap before
{Heap before GC invocations=6 (full 0):
 PSYoungGen      total 71680K, used 45218K [0x00000000d5f80000, 0x00000000dfa80000, 0x0000000100000000)
  eden space 66560K, 60% used [0x00000000d5f80000,0x00000000d86ae510,0x00000000da080000)
  from space 5120K, 99% used [0x00000000da080000,0x00000000da57a630,0x00000000da580000)
  to   space 12800K, 0% used [0x00000000dee00000,0x00000000dee00000,0x00000000dfa80000)
 ParOldGen       total 87552K, used 17675K [0x0000000081e00000, 0x0000000087380000, 0x00000000d5f80000)
  object space 87552K, 20% used [0x0000000081e00000,0x0000000082f42de0,0x0000000087380000)
 Metaspace       used 20600K, capacity 21158K, committed 21296K, reserved 1069056K
  class space    used 2501K, capacity 2657K, committed 2688K, reserved 1048576K
Event: 2.191 GC heap after
Heap after GC invocations=6 (full 0):
 PSYoungGen      total 144896K, used 8961K [0x00000000d5f80000, 0x00000000df980000, 0x0000000100000000)
  eden space 133120K, 0% used [0x00000000d5f80000,0x00000000d5f80000,0x00000000de180000)
  from space 11776K, 76% used [0x00000000dee00000,0x00000000df6c0740,0x00000000df980000)
  to   space 12288K, 0% used [0x00000000de180000,0x00000000de180000,0x00000000ded80000)
 ParOldGen       total 87552K, used 17683K [0x0000000081e00000, 0x0000000087380000, 0x00000000d5f80000)
  object space 87552K, 20% used [0x0000000081e00000,0x0000000082f44de0,0x0000000087380000)
 Metaspace       used 20600K, capacity 21158K, committed 21296K, reserved 1069056K
  class space    used 2501K, capacity 2657K, committed 2688K, reserved 1048576K
}
Event: 2.191 GC heap before
{Heap before GC invocations=7 (full 1):
 PSYoungGen      total 144896K, used 8961K [0x00000000d5f80000, 0x00000000df980000, 0x0000000100000000)
  eden space 133120K, 0% used [0x00000000d5f80000,0x00000000d5f80000,0x00000000de180000)
  from space 11776K, 76% used [0x00000000dee00000,0x00000000df6c0740,0x00000000df980000)
  to   space 12288K, 0% used [0x00000000de180000,0x00000000de180000,0x00000000ded80000)
 ParOldGen       total 87552K, used 17683K [0x0000000081e00000, 0x0000000087380000, 0x00000000d5f80000)
  object space 87552K, 20% used [0x0000000081e00000,0x0000000082f44de0,0x0000000087380000)
 Metaspace       used 20600K, capacity 21158K, committed 21296K, reserved 1069056K
  class space    used 2501K, capacity 2657K, committed 2688K, reserved 1048576K
Event: 2.249 GC heap after
Heap after GC invocations=7 (full 1):
 PSYoungGen      total 144896K, used 0K [0x00000000d5f80000, 0x00000000df980000, 0x0000000100000000)
  eden space 133120K, 0% used [0x00000000d5f80000,0x00000000d5f80000,0x00000000de180000)
  from space 11776K, 0% used [0x00000000dee00000,0x00000000dee00000,0x00000000df980000)
  to   space 12288K, 0% used [0x00000000de180000,0x00000000de180000,0x00000000ded80000)
 ParOldGen       total 75776K, used 18808K [0x0000000081e00000, 0x0000000086800000, 0x00000000d5f80000)
  object space 75776K, 24% used [0x0000000081e00000,0x000000008305e2d8,0x0000000086800000)
 Metaspace       used 20600K, capacity 21158K, committed 21296K, reserved 1069056K
  class space    used 2501K, capacity 2657K, committed 2688K, reserved 1048576K
}
Event: 3.304 GC heap before
{Heap before GC invocations=8 (full 1):
 PSYoungGen      total 144896K, used 133120K [0x00000000d5f80000, 0x00000000df980000, 0x0000000100000000)
  eden space 133120K, 100% used [0x00000000d5f80000,0x00000000de180000,0x00000000de180000)
  from space 11776K, 0% used [0x00000000dee00000,0x00000000dee00000,0x00000000df980000)
  to   space 12288K, 0% used [0x00000000de180000,0x00000000de180000,0x00000000ded80000)
 ParOldGen       total 75776K, used 18808K [0x0000000081e00000, 0x0000000086800000, 0x00000000d5f80000)
  object space 75776K, 24% used [0x0000000081e00000,0x000000008305e2d8,0x0000000086800000)
 Metaspace       used 25202K, capacity 25920K, committed 26112K, reserved 1073152K
  class space    used 3062K, capacity 3237K, committed 3328K, reserved 1048576K
Event: 3.330 GC heap after
Heap after GC invocations=8 (full 1):
 PSYoungGen      total 145408K, used 12261K [0x00000000d5f80000, 0x00000000e4380000, 0x0000000100000000)
  eden space 133120K, 0% used [0x00000000d5f80000,0x00000000d5f80000,0x00000000de180000)
  from space 12288K, 99% used [0x00000000de180000,0x00000000ded79708,0x00000000ded80000)
  to   space 15360K, 0% used [0x00000000e3480000,0x00000000e3480000,0x00000000e4380000)
 ParOldGen       total 75776K, used 21957K [0x0000000081e00000, 0x0000000086800000, 0x00000000d5f80000)
  object space 75776K, 28% used [0x0000000081e00000,0x00000000833715e8,0x0000000086800000)
 Metaspace       used 25202K, capacity 25920K, committed 26112K, reserved 1073152K
  class space    used 3062K, capacity 3237K, committed 3328K, reserved 1048576K
}
Event: 3.695 GC heap before
{Heap before GC invocations=9 (full 1):
 PSYoungGen      total 145408K, used 35374K [0x00000000d5f80000, 0x00000000e4380000, 0x0000000100000000)
  eden space 133120K, 17% used [0x00000000d5f80000,0x00000000d7612418,0x00000000de180000)
  from space 12288K, 99% used [0x00000000de180000,0x00000000ded79708,0x00000000ded80000)
  to   space 15360K, 0% used [0x00000000e3480000,0x00000000e3480000,0x00000000e4380000)
 ParOldGen       total 75776K, used 21957K [0x0000000081e00000, 0x0000000086800000, 0x00000000d5f80000)
  object space 75776K, 28% used [0x0000000081e00000,0x00000000833715e8,0x0000000086800000)
 Metaspace       used 27024K, capacity 27842K, committed 28160K, reserved 1073152K
  class space    used 3280K, capacity 3516K, committed 3584K, reserved 1048576K
Event: 3.713 GC heap after
Heap after GC invocations=9 (full 1):
 PSYoungGen      total 217600K, used 12880K [0x00000000d5f80000, 0x00000000e4480000, 0x0000000100000000)
  eden space 202240K, 0% used [0x00000000d5f80000,0x00000000d5f80000,0x00000000e2500000)
  from space 15360K, 83% used [0x00000000e3480000,0x00000000e41143b8,0x00000000e4380000)
  to   space 15872K, 0% used [0x00000000e2500000,0x00000000e2500000,0x00000000e3480000)
 ParOldGen       total 75776K, used 21965K [0x0000000081e00000, 0x0000000086800000, 0x00000000d5f80000)
  object space 75776K, 28% used [0x0000000081e00000,0x00000000833735e8,0x0000000086800000)
 Metaspace       used 27024K, capacity 27842K, committed 28160K, reserved 1073152K
  class space    used 3280K, capacity 3516K, committed 3584K, reserved 1048576K
}
Event: 3.713 GC heap before
{Heap before GC invocations=10 (full 2):
 PSYoungGen      total 217600K, used 12880K [0x00000000d5f80000, 0x00000000e4480000, 0x0000000100000000)
  eden space 202240K, 0% used [0x00000000d5f80000,0x00000000d5f80000,0x00000000e2500000)
  from space 15360K, 83% used [0x00000000e3480000,0x00000000e41143b8,0x00000000e4380000)
  to   space 15872K, 0% used [0x00000000e2500000,0x00000000e2500000,0x00000000e3480000)
 ParOldGen       total 75776K, used 21965K [0x0000000081e00000, 0x0000000086800000, 0x00000000d5f80000)
  object space 75776K, 28% used [0x0000000081e00000,0x00000000833735e8,0x0000000086800000)
 Metaspace       used 27024K, capacity 27842K, committed 28160K, reserved 1073152K
  class space    used 3280K, capacity 3516K, committed 3584K, reserved 1048576K

